<?xml version="1.0" encoding="UTF-8"?>
<testng-results ignored="0" total="1" passed="1" failed="0" skipped="0">
  <reporter-output>
  </reporter-output>
  <suite started-at="2021-05-15T00:51:41 IST" name="Failed suite [Default suite]" finished-at="2021-05-15T00:51:44 IST" duration-ms="2880">
    <groups>
    </groups>
    <test started-at="2021-05-15T00:51:41 IST" name="Default test(failed)" finished-at="2021-05-15T00:51:44 IST" duration-ms="2880">
      <class name="SadhanaTest">
        <test-method signature="test()[pri:0, instance:SadhanaTest@3745e5c6]" started-at="2021-05-15T00:51:41 IST" name="test" finished-at="2021-05-15T00:51:44 IST" duration-ms="2840" status="PASS">
          <reporter-output>
          </reporter-output>
        </test-method> <!-- test -->
      </class> <!-- SadhanaTest -->
    </test> <!-- Default test(failed) -->
  </suite> <!-- Failed suite [Default suite] -->
</testng-results>
